<?xml version="1.0" encoding="UTF-8"?>
<!-- Generated by org.testng.reporters.JUnitReportReporter -->
<testsuite hostname="wkssuresh" name="com.econsys.ukasProjects.UkasFlow" tests="1" failures="0" timestamp="20 Apr 2017 10:56:05 GMT" time="11.295" errors="0">
  <testcase name="ukasFlow1" time="11.295" classname="com.econsys.ukasProjects.UkasFlow"/>
</testsuite> <!-- com.econsys.ukasProjects.UkasFlow -->
