<?xml version="1.0" encoding="UTF-8"?>
<!-- Generated by org.testng.reporters.JUnitReportReporter -->
<testsuite hostname="wkssuresh" name="com.econsys.testCases.RtQVerify_SmallWorks" tests="3" failures="0" timestamp="10 Jul 2017 11:24:11 GMT" time="14.646" errors="0">
  <testcase name="quoteForm_cancel" time="4.623" classname="com.econsys.testCases.RtQVerify_SmallWorks"/>
  <testcase name="mandatoryChek_QuoteForm_SmallWorks" time="4.894" classname="com.econsys.testCases.RtQVerify_SmallWorks"/>
  <testcase name="quoteForm_reset" time="5.129" classname="com.econsys.testCases.RtQVerify_SmallWorks"/>
</testsuite> <!-- com.econsys.testCases.RtQVerify_SmallWorks -->
