<?xml version="1.0" encoding="UTF-8"?>
<!-- Generated by org.testng.reporters.JUnitReportReporter -->
<testsuite hostname="wkssuresh" name="com.econsys.testCases.ActionsReviewApproval" tests="1" failures="0" timestamp="8 Mar 2017 10:24:09 GMT" time="170.752" errors="0">
  <testcase name="reviewActions" time="170.752" classname="com.econsys.testCases.ActionsReviewApproval"/>
</testsuite> <!-- com.econsys.testCases.ActionsReviewApproval -->
