<?xml version="1.0" encoding="UTF-8"?>
<!-- Generated by org.testng.reporters.JUnitReportReporter -->
<testsuite hostname="wksbhanu" name="adminpage.RTQform" tests="1" failures="0" timestamp="9 Sep 2015 07:57:37 GMT" time="60.268" errors="0">
  <testcase name="main" time="60.268" classname="adminpage.RTQform"/>
</testsuite> <!-- adminpage.RTQform -->
