<?xml version="1.0" encoding="UTF-8"?>
<!-- Generated by org.testng.reporters.JUnitReportReporter -->
<testsuite hostname="wkssuresh" name="com.econsys.ukasProjects.ProjectMethodsUKAS" tests="1" failures="0" timestamp="24 Aug 2016 10:54:45 GMT" time="28.632" errors="0">
  <testcase name="new_GridsPDP" time="28.632" classname="com.econsys.ukasProjects.ProjectMethodsUKAS"/>
</testsuite> <!-- com.econsys.ukasProjects.ProjectMethodsUKAS -->
