<?xml version="1.0" encoding="UTF-8"?>
<!-- Generated by org.testng.reporters.JUnitReportReporter -->
<testsuite hostname="wkssuresh" name="POC.Econsys_Auto.Production_RegularTest" tests="3" failures="0" timestamp="6 Oct 2016 06:54:56 GMT" time="69.775" errors="0">
  <testcase name="assign_Sales_Leader" time="17.341" classname="POC.Econsys_Auto.Production_RegularTest"/>
  <testcase name="rtq_Submit" time="32.617" classname="POC.Econsys_Auto.Production_RegularTest"/>
  <testcase name="GTM_Login" time="19.817" classname="POC.Econsys_Auto.Production_RegularTest"/>
</testsuite> <!-- POC.Econsys_Auto.Production_RegularTest -->
