<?xml version="1.0" encoding="UTF-8"?>
<!-- Generated by org.testng.reporters.JUnitReportReporter -->
<testsuite hostname="wkssuresh" name="com.econsys.ukasProjects.UkasFlow" tests="1" failures="0" timestamp="24 Aug 2016 14:20:07 GMT" time="28.733" errors="0">
  <testcase name="ukasFlow1" time="28.733" classname="com.econsys.ukasProjects.UkasFlow"/>
</testsuite> <!-- com.econsys.ukasProjects.UkasFlow -->
